This file contains any messages produced by compilers while
running configure, to aid debugging if configure makes a mistake.

It was created by configure, which was
generated by GNU Autoconf 2.50.  Invocation command line was

  $ ./configure 

## ---------- ##
## Platform.  ##
## ---------- ##

hostname = Cynthia.local
uname -m = arm64
uname -r = 20.6.0
uname -s = Darwin
uname -v = Darwin Kernel Version 20.6.0: Sun Nov  6 23:16:58 PST 2022; root:xnu-7195.141.46~1/RELEASE_ARM64_T8101

/usr/bin/uname -p = arm
/bin/uname -X     = unknown

/bin/arch              = unknown
/usr/bin/arch -k       = unknown
/usr/convex/getsysinfo = unknown
hostinfo               = Mach kernel version:
	 Darwin Kernel Version 20.6.0: Sun Nov  6 23:16:58 PST 2022; root:xnu-7195.141.46~1/RELEASE_ARM64_T8101
Kernel configured for up to 8 processors.
8 processors are physically available.
8 processors are logically available.
Processor type: arm64e (ARM64E)
Processors active: 0 1 2 3 4 5 6 7
Primary memory available: 16.00 gigabytes
Default processor set: 344 tasks, 1971 threads, 8 processors
Load average: 2.79, Mach factor: 5.20
/bin/machine           = unknown
/usr/bin/oslevel       = unknown
/bin/universe          = unknown

PATH = /usr/local/bin:/usr/bin:/bin:/usr/sbin:/sbin:/opt/X11/bin:/opt/pkg/sbin:/opt/pkg/bin:/Library/Apple/usr/bin

## ------------ ##
## Core tests.  ##
## ------------ ##

configure:938: PATH=".;."; conftest.sh
./configure: line 939: conftest.sh: command not found
configure:941: $? = 127
configure:1258: checking for gcc
configure:1273: found /usr/bin/gcc
configure:1281: result: gcc
configure:1525: checking for C compiler default output
configure:1528: gcc    conftest.c  >&5
configure:1531: $? = 0
configure:1554: result: a.out
configure:1559: checking whether the C compiler works
configure:1565: ./a.out
configure:1568: $? = 0
configure:1583: result: yes
configure:1590: checking whether we are cross compiling
configure:1592: result: no
configure:1595: checking for executable suffix
configure:1597: gcc -o conftest    conftest.c  >&5
configure:1600: $? = 0
configure:1622: result: 
configure:1628: checking for object suffix
configure:1646: gcc -c   conftest.c >&5
configure:1649: $? = 0
configure:1668: result: o
configure:1672: checking whether we are using the GNU C compiler
configure:1693: gcc -c   conftest.c >&5
configure:1696: $? = 0
configure:1699: test -s conftest.o
configure:1702: $? = 0
configure:1714: result: yes
configure:1720: checking whether gcc accepts -g
configure:1738: gcc -c -g  conftest.c >&5
configure:1741: $? = 0
configure:1744: test -s conftest.o
configure:1747: $? = 0
configure:1757: result: yes
configure:1784: gcc -c -g -O2  conftest.c >&5
conftest.c:2:3: error: unknown type name 'choke'
  choke me
  ^
conftest.c:2:11: error: expected ';' after top level declarator
  choke me
          ^
          ;
2 errors generated.
configure:1787: $? = 1
configure: failed program was:
#ifndef __cplusplus
  choke me
#endif
configure:1894: checking for a BSD compatible install
configure:1943: result: /usr/bin/install -c
configure:1998: checking for ranlib
configure:2013: found /usr/bin/ranlib
configure:2022: result: ranlib
configure:2036: checking for rm
configure:2053: found /bin/rm
configure:2065: result: /bin/rm
configure:2074: checking for mv
configure:2091: found /bin/mv
configure:2103: result: /bin/mv
configure:2112: checking for cp
configure:2129: found /bin/cp
configure:2141: result: /bin/cp
configure:2150: checking for mkdir
configure:2167: found /bin/mkdir
configure:2179: result: /bin/mkdir
configure:2188: checking for perl
configure:2205: found /usr/bin/perl
configure:2217: result: /usr/bin/perl
configure:2224: checking whether byte ordering is bigendian
configure:2249: gcc -c -g -O2  conftest.c >&5
configure:2252: $? = 0
configure:2255: test -s conftest.o
configure:2258: $? = 0
configure:2279: gcc -c -g -O2  conftest.c >&5
configure:2270:2: error: use of undeclared identifier 'not'
 not big endian
 ^
1 error generated.
configure:2282: $? = 1
configure: failed program was:
#line 2262 "configure"
#include "confdefs.h"
#include <sys/types.h>
#include <sys/param.h>

int
main ()
{
#if BYTE_ORDER != BIG_ENDIAN
 not big endian
#endif

  ;
  return 0;
}
configure:2346: result: no
configure:2394: checking how to run the C preprocessor
configure:2421: gcc -E  conftest.c
configure:2427: $? = 0
configure:2454: gcc -E  conftest.c
configure:2451:10: fatal error: 'ac_nonexistent.h' file not found
#include <ac_nonexistent.h>
         ^~~~~~~~~~~~~~~~~~
1 error generated.
configure:2460: $? = 1
configure: failed program was:
#line 2450 "configure"
#include "confdefs.h"
#include <ac_nonexistent.h>
configure:2497: result: gcc -E
configure:2512: gcc -E  conftest.c
configure:2518: $? = 0
configure:2545: gcc -E  conftest.c
configure:2542:10: fatal error: 'ac_nonexistent.h' file not found
#include <ac_nonexistent.h>
         ^~~~~~~~~~~~~~~~~~
1 error generated.
configure:2551: $? = 1
configure: failed program was:
#line 2541 "configure"
#include "confdefs.h"
#include <ac_nonexistent.h>
configure:2590: checking for X
configure:2691: gcc -E  conftest.c
configure:2688:10: fatal error: 'X11/Intrinsic.h' file not found
#include <X11/Intrinsic.h>
         ^~~~~~~~~~~~~~~~~
1 error generated.
configure:2697: $? = 1
configure: failed program was:
#line 2687 "configure"
#include "confdefs.h"
#include <X11/Intrinsic.h>
configure:2742: gcc -o conftest  -O2  -Wall -fPIC   conftest.c -lXt  >&5
configure:2731:10: fatal error: 'X11/Intrinsic.h' file not found
#include <X11/Intrinsic.h>
         ^~~~~~~~~~~~~~~~~
1 error generated.
configure:2745: $? = 1
configure: failed program was:
#line 2730 "configure"
#include "confdefs.h"
#include <X11/Intrinsic.h>
int
main ()
{
XtMalloc (0)
  ;
  return 0;
}
configure:2789: result: no
configure:3628: checking for dirent.h that defines DIR
configure:3648: gcc -c  -O2  -Wall -fPIC  conftest.c >&5
configure:3641:6: warning: unused variable 'dirp' [-Wunused-variable]
DIR *dirp = 0;
     ^
1 warning generated.
configure:3651: $? = 0
configure:3654: test -s conftest.o
configure:3657: $? = 0
configure:3667: result: yes
configure:3680: checking for opendir in -ldir
configure:3707: gcc -o conftest  -O2  -Wall -fPIC   conftest.c -ldir   >&5
ld: library not found for -ldir
clang: error: linker command failed with exit code 1 (use -v to see invocation)
configure:3710: $? = 1
configure: failed program was:
#line 3688 "configure"
#include "confdefs.h"

/* Override any gcc2 internal prototype to avoid an error.  */
#ifdef __cplusplus
extern "C"
#endif
/* We use char because int might match the return type of a gcc2
   builtin and then its argument prototype would still apply.  */
char opendir ();
int
main ()
{
opendir ();
  ;
  return 0;
}
configure:3727: result: no
configure:3789: checking whether time.h and sys/time.h may both be included
configure:3810: gcc -c  -O2  -Wall -fPIC  conftest.c >&5
configure:3803:12: warning: unused variable 'tp' [-Wunused-variable]
struct tm *tp;
           ^
1 warning generated.
configure:3813: $? = 0
configure:3816: test -s conftest.o
configure:3819: $? = 0
configure:3829: result: yes
configure:3842: checking for sys/wait.h
configure:3852: gcc -E  conftest.c
configure:3858: $? = 0
configure:3877: result: yes
configure:3842: checking for sys/time.h
configure:3852: gcc -E  conftest.c
configure:3858: $? = 0
configure:3877: result: yes
configure:3891: checking for flex
configure:3906: found /usr/bin/flex
configure:3914: result: flex
configure:3927: checking for yywrap in -lfl
configure:3954: gcc -o conftest  -O2  -Wall -fPIC   conftest.c -lfl   >&5
ld: library not found for -lfl
clang: error: linker command failed with exit code 1 (use -v to see invocation)
configure:3957: $? = 1
configure: failed program was:
#line 3935 "configure"
#include "confdefs.h"

/* Override any gcc2 internal prototype to avoid an error.  */
#ifdef __cplusplus
extern "C"
#endif
/* We use char because int might match the return type of a gcc2
   builtin and then its argument prototype would still apply.  */
char yywrap ();
int
main ()
{
yywrap ();
  ;
  return 0;
}
configure:3974: result: no
configure:3979: checking for yywrap in -ll
configure:4006: gcc -o conftest  -O2  -Wall -fPIC   conftest.c -ll   >&5
ld: warning: object file (/Applications/Xcode.app/Contents/Developer/Platforms/MacOSX.platform/Developer/SDKs/MacOSX.sdk/usr/lib/libl.a(libyywrap.o)) was built for newer macOS version (12.1) than being linked (11.0)
configure:4009: $? = 0
configure:4012: test -s conftest
configure:4015: $? = 0
configure:4026: result: yes
configure:4037: checking lex output file root
configure:4056: result: lex.yy
configure:4060: checking whether yytext is a pointer
configure:4076: gcc -o conftest  -O2  -Wall -fPIC   conftest.c  -ll >&5
lex.yy.c:1057:17: warning: unused function 'yyunput' [-Wunused-function]
    static void yyunput (int c, char * yy_bp )
                ^
lex.yy.c:1100:16: warning: function 'input' is not needed and will not be emitted [-Wunneeded-internal-declaration]
    static int input  (void)
               ^
2 warnings generated.
ld: warning: object file (/Applications/Xcode.app/Contents/Developer/Platforms/MacOSX.platform/Developer/SDKs/MacOSX.sdk/usr/lib/libl.a(libmain.o)) was built for newer macOS version (12.1) than being linked (11.0)
ld: warning: object file (/Applications/Xcode.app/Contents/Developer/Platforms/MacOSX.platform/Developer/SDKs/MacOSX.sdk/usr/lib/libl.a(libyywrap.o)) was built for newer macOS version (12.1) than being linked (11.0)
configure:4079: $? = 0
configure:4082: test -s conftest
configure:4085: $? = 0
configure:4097: result: yes
configure:4112: checking for bison
configure:4127: found /usr/bin/bison
configure:4135: result: bison -y
configure:4148: checking for sgmltools
configure:4172: result: NO_SGMLTOOLS
configure:4181: checking for rplay in -lrplay
configure:4208: gcc -o conftest  -O2  -Wall -fPIC   conftest.c -lrplay   >&5
ld: library not found for -lrplay
clang: error: linker command failed with exit code 1 (use -v to see invocation)
configure:4211: $? = 1
configure: failed program was:
#line 4189 "configure"
#include "confdefs.h"

/* Override any gcc2 internal prototype to avoid an error.  */
#ifdef __cplusplus
extern "C"
#endif
/* We use char because int might match the return type of a gcc2
   builtin and then its argument prototype would still apply.  */
char rplay ();
int
main ()
{
rplay ();
  ;
  return 0;
}
configure:4228: result: no
configure:4282: checking for wait3 that fills in rusage
configure:4328: gcc -o conftest  -O2  -Wall -fPIC   conftest.c  >&5
configure:4310:11: error: implicit declaration of function 'fork' is invalid in C99 [-Werror,-Wimplicit-function-declaration]
  switch (fork ())
          ^
configure:4313:7: error: implicit declaration of function 'sleep' is invalid in C99 [-Werror,-Wimplicit-function-declaration]
      sleep(1); /* Give up the CPU.  */
      ^
configure:4314:7: error: implicitly declaring library function '_exit' with type 'void (int) __attribute__((noreturn))' [-Werror,-Wimplicit-function-declaration]
      _exit(0);
      ^
configure:4314:7: note: include the header <unistd.h> or explicitly provide a declaration for '_exit'
configure:4318:7: error: implicit declaration of function 'wait3' is invalid in C99 [-Werror,-Wimplicit-function-declaration]
      wait3(&i, 0, &r);
      ^
configure:4321:7: error: implicitly declaring library function 'exit' with type 'void (int) __attribute__((noreturn))' [-Werror,-Wimplicit-function-declaration]
      exit (r.ru_nvcsw == 0 && r.ru_majflt == 0 && r.ru_minflt == 0
      ^
configure:4321:7: note: include the header <stdlib.h> or explicitly provide a declaration for 'exit'
5 errors generated.
configure:4331: $? = 1
configure: program exited with status 1
configure: failed program was:
#line 4291 "configure"
#include "confdefs.h"
#include <sys/types.h>
#include <sys/time.h>
#include <sys/resource.h>
#include <stdio.h>
/* HP-UX has wait3 but does not fill in rusage at all.  */
int
main ()
{
  struct rusage r;
  int i;
  /* Use a field that we can force nonzero --
     voluntary context switches.
     For systems like NeXT and OSF/1 that don't set it,
     also use the system CPU time.  And page faults (I/O) for Linux.  */
  r.ru_nvcsw = 0;
  r.ru_stime.tv_sec = 0;
  r.ru_stime.tv_usec = 0;
  r.ru_majflt = r.ru_minflt = 0;
  switch (fork ())
    {
    case 0: /* Child.  */
      sleep(1); /* Give up the CPU.  */
      _exit(0);
    case -1: /* What can we do?  */
      _exit(0);
    default: /* Parent.  */
      wait3(&i, 0, &r);
      /* Avoid "text file busy" from rm on fast HP-UX machines.  */
      sleep(2);
      exit (r.ru_nvcsw == 0 && r.ru_majflt == 0 && r.ru_minflt == 0
	    && r.ru_stime.tv_sec == 0 && r.ru_stime.tv_usec == 0);
    }
}
configure:4348: result: no
configure:4361: checking for uname
configure:4398: gcc -o conftest  -O2  -Wall -fPIC   conftest.c  >&5
configure:4401: $? = 0
configure:4404: test -s conftest
configure:4407: $? = 0
configure:4417: result: yes
configure:4361: checking for gethostname
configure:4398: gcc -o conftest  -O2  -Wall -fPIC   conftest.c  >&5
configure:4401: $? = 0
configure:4404: test -s conftest
configure:4407: $? = 0
configure:4417: result: yes
configure:4434: checking for XOpenDisplay in -lX11
configure:4461: gcc -o conftest  -O2  -Wall -fPIC      conftest.c -lX11       >&5
ld: library not found for -lX11
clang: error: linker command failed with exit code 1 (use -v to see invocation)
configure:4464: $? = 1
configure: failed program was:
#line 4442 "configure"
#include "confdefs.h"

/* Override any gcc2 internal prototype to avoid an error.  */
#ifdef __cplusplus
extern "C"
#endif
/* We use char because int might match the return type of a gcc2
   builtin and then its argument prototype would still apply.  */
char XOpenDisplay ();
int
main ()
{
XOpenDisplay ();
  ;
  return 0;
}
configure:4481: result: no
configure:4496: checking for libXpm
configure:4550: gcc -E  conftest.c
configure:4547:10: fatal error: 'X11/xpm.h' file not found
#include <X11/xpm.h>
         ^~~~~~~~~~~
1 error generated.
configure:4556: $? = 1
configure: failed program was:
#line 4546 "configure"
#include "confdefs.h"
#include <X11/xpm.h>
configure:4645: gcc -o conftest  -O2  -Wall -fPIC      conftest.c -lXpm  -lX11 >&5
ld: library not found for -lXpm
clang: error: linker command failed with exit code 1 (use -v to see invocation)
configure:4648: $? = 1
configure: failed program was:
#line 4633 "configure"
#include "confdefs.h"
char XpmReadFileToPixmap();
int
main ()
{
XpmReadFileToPixmap()
  ;
  return 0;
}
configure:4716: gcc -o conftest  -O2  -Wall -fPIC      conftest.c -L/usr/X11/lib -lXpm  -lX11 >&5
configure:4719: $? = 0
configure:4722: test -s conftest
configure:4725: $? = 0
configure:4817: result: -I/usr/X11/include, -L/usr/X11/lib
configure:4833: checking "if xpm.h should be X11/xpm.h"
configure:4843: gcc -E -I/usr/X11/include conftest.c
configure:4849: $? = 0
configure:4870: result: yes
configure:4879: checking for XpmWriteFileFromPixmap in -lXpm
configure:4906: gcc -o conftest  -O2  -Wall -fPIC      conftest.c -lXpm      -L/usr/X11/lib -lXpm -L/usr/X11/lib -lXpm  -lX11 >&5
configure:4909: $? = 0
configure:4912: test -s conftest
configure:4915: $? = 0
configure:4926: result: yes
configure:4941: checking for XShapeCombineMask in -lXext
configure:4968: gcc -o conftest  -O2  -Wall -fPIC      conftest.c -lXext      -L/usr/X11/lib -lXpm -L/usr/X11/lib -lXpm  -lX11 >&5
configure:4971: $? = 0
configure:4974: test -s conftest
configure:4977: $? = 0
configure:4988: result: yes
configure:4998: checking for XineramaQueryScreens in -lXinerama
configure:5025: gcc -o conftest  -O2  -Wall -fPIC      conftest.c -lXinerama -lXext      -L/usr/X11/lib -lXpm -L/usr/X11/lib -lXpm  -lX11 >&5
configure:5028: $? = 0
configure:5031: test -s conftest
configure:5034: $? = 0
configure:5045: result: yes
configure:5058: checking for libjpeg
configure:5110: gcc -E  conftest.c
configure:5107:10: fatal error: 'jpeglib.h' file not found
#include <jpeglib.h>
         ^~~~~~~~~~~
1 error generated.
configure:5116: $? = 1
configure: failed program was:
#line 5106 "configure"
#include "confdefs.h"
#include <jpeglib.h>
configure:5205: gcc -o conftest  -O2  -Wall -fPIC   conftest.c -ljpeg  >&5
ld: library not found for -ljpeg
clang: error: linker command failed with exit code 1 (use -v to see invocation)
configure:5208: $? = 1
configure: failed program was:
#line 5193 "configure"
#include "confdefs.h"
char jpeg_destroy_compress();
int
main ()
{
jpeg_destroy_compress()
  ;
  return 0;
}
configure:5277: gcc -o conftest  -O2  -Wall -fPIC   conftest.c -LNO -ljpeg  >&5
ld: warning: directory not found for option '-LNO'
ld: library not found for -ljpeg
clang: error: linker command failed with exit code 1 (use -v to see invocation)
configure:5280: $? = 1
configure: failed program was:
#line 5265 "configure"
#include "confdefs.h"
char jpeg_destroy_compress();
int
main ()
{
jpeg_destroy_compress()
  ;
  return 0;
}
configure:5277: gcc -o conftest  -O2  -Wall -fPIC   conftest.c -L/usr/lib -ljpeg  >&5
ld: library not found for -ljpeg
clang: error: linker command failed with exit code 1 (use -v to see invocation)
configure:5280: $? = 1
configure: failed program was:
#line 5265 "configure"
#include "confdefs.h"
char jpeg_destroy_compress();
int
main ()
{
jpeg_destroy_compress()
  ;
  return 0;
}
configure:5277: gcc -o conftest  -O2  -Wall -fPIC   conftest.c -L/usr/local/lib -ljpeg  >&5
ld: library not found for -ljpeg
clang: error: linker command failed with exit code 1 (use -v to see invocation)
configure:5280: $? = 1
configure: failed program was:
#line 5265 "configure"
#include "confdefs.h"
char jpeg_destroy_compress();
int
main ()
{
jpeg_destroy_compress()
  ;
  return 0;
}
configure:5277: gcc -o conftest  -O2  -Wall -fPIC   conftest.c -L/usr/X11/lib -ljpeg  >&5
ld: library not found for -ljpeg
clang: error: linker command failed with exit code 1 (use -v to see invocation)
configure:5280: $? = 1
configure: failed program was:
#line 5265 "configure"
#include "confdefs.h"
char jpeg_destroy_compress();
int
main ()
{
jpeg_destroy_compress()
  ;
  return 0;
}
configure:5277: gcc -o conftest  -O2  -Wall -fPIC   conftest.c -L/usr/X11R6/lib -ljpeg  >&5
ld: library not found for -ljpeg
clang: error: linker command failed with exit code 1 (use -v to see invocation)
configure:5280: $? = 1
configure: failed program was:
#line 5265 "configure"
#include "confdefs.h"
char jpeg_destroy_compress();
int
main ()
{
jpeg_destroy_compress()
  ;
  return 0;
}
configure:5277: gcc -o conftest  -O2  -Wall -fPIC   conftest.c -L/usr/X11R5/lib -ljpeg  >&5
ld: warning: directory not found for option '-L/usr/X11R5/lib'
ld: library not found for -ljpeg
clang: error: linker command failed with exit code 1 (use -v to see invocation)
configure:5280: $? = 1
configure: failed program was:
#line 5265 "configure"
#include "confdefs.h"
char jpeg_destroy_compress();
int
main ()
{
jpeg_destroy_compress()
  ;
  return 0;
}
configure:5277: gcc -o conftest  -O2  -Wall -fPIC   conftest.c -L/usr/X11R4/lib -ljpeg  >&5
ld: warning: directory not found for option '-L/usr/X11R4/lib'
ld: library not found for -ljpeg
clang: error: linker command failed with exit code 1 (use -v to see invocation)
configure:5280: $? = 1
configure: failed program was:
#line 5265 "configure"
#include "confdefs.h"
char jpeg_destroy_compress();
int
main ()
{
jpeg_destroy_compress()
  ;
  return 0;
}
configure:5277: gcc -o conftest  -O2  -Wall -fPIC   conftest.c -L/usr/lib/X11 -ljpeg  >&5
ld: warning: directory not found for option '-L/usr/lib/X11'
ld: library not found for -ljpeg
clang: error: linker command failed with exit code 1 (use -v to see invocation)
configure:5280: $? = 1
configure: failed program was:
#line 5265 "configure"
#include "confdefs.h"
char jpeg_destroy_compress();
int
main ()
{
jpeg_destroy_compress()
  ;
  return 0;
}
configure:5277: gcc -o conftest  -O2  -Wall -fPIC   conftest.c -L/usr/lib/X11R6 -ljpeg  >&5
ld: warning: directory not found for option '-L/usr/lib/X11R6'
ld: library not found for -ljpeg
clang: error: linker command failed with exit code 1 (use -v to see invocation)
configure:5280: $? = 1
configure: failed program was:
#line 5265 "configure"
#include "confdefs.h"
char jpeg_destroy_compress();
int
main ()
{
jpeg_destroy_compress()
  ;
  return 0;
}
configure:5277: gcc -o conftest  -O2  -Wall -fPIC   conftest.c -L/usr/lib/X11R5 -ljpeg  >&5
ld: warning: directory not found for option '-L/usr/lib/X11R5'
ld: library not found for -ljpeg
clang: error: linker command failed with exit code 1 (use -v to see invocation)
configure:5280: $? = 1
configure: failed program was:
#line 5265 "configure"
#include "confdefs.h"
char jpeg_destroy_compress();
int
main ()
{
jpeg_destroy_compress()
  ;
  return 0;
}
configure:5277: gcc -o conftest  -O2  -Wall -fPIC   conftest.c -L/usr/lib/X11R4 -ljpeg  >&5
ld: warning: directory not found for option '-L/usr/lib/X11R4'
ld: library not found for -ljpeg
clang: error: linker command failed with exit code 1 (use -v to see invocation)
configure:5280: $? = 1
configure: failed program was:
#line 5265 "configure"
#include "confdefs.h"
char jpeg_destroy_compress();
int
main ()
{
jpeg_destroy_compress()
  ;
  return 0;
}
configure:5277: gcc -o conftest  -O2  -Wall -fPIC   conftest.c -L/usr/local/X11/lib -ljpeg  >&5
ld: warning: directory not found for option '-L/usr/local/X11/lib'
ld: library not found for -ljpeg
clang: error: linker command failed with exit code 1 (use -v to see invocation)
configure:5280: $? = 1
configure: failed program was:
#line 5265 "configure"
#include "confdefs.h"
char jpeg_destroy_compress();
int
main ()
{
jpeg_destroy_compress()
  ;
  return 0;
}
configure:5277: gcc -o conftest  -O2  -Wall -fPIC   conftest.c -L/usr/local/X11R6/lib -ljpeg  >&5
ld: warning: directory not found for option '-L/usr/local/X11R6/lib'
ld: library not found for -ljpeg
clang: error: linker command failed with exit code 1 (use -v to see invocation)
configure:5280: $? = 1
configure: failed program was:
#line 5265 "configure"
#include "confdefs.h"
char jpeg_destroy_compress();
int
main ()
{
jpeg_destroy_compress()
  ;
  return 0;
}
configure:5277: gcc -o conftest  -O2  -Wall -fPIC   conftest.c -L/usr/local/X11R5/lib -ljpeg  >&5
ld: warning: directory not found for option '-L/usr/local/X11R5/lib'
ld: library not found for -ljpeg
clang: error: linker command failed with exit code 1 (use -v to see invocation)
configure:5280: $? = 1
configure: failed program was:
#line 5265 "configure"
#include "confdefs.h"
char jpeg_destroy_compress();
int
main ()
{
jpeg_destroy_compress()
  ;
  return 0;
}
configure:5277: gcc -o conftest  -O2  -Wall -fPIC   conftest.c -L/usr/local/X11R4/lib -ljpeg  >&5
ld: warning: directory not found for option '-L/usr/local/X11R4/lib'
ld: library not found for -ljpeg
clang: error: linker command failed with exit code 1 (use -v to see invocation)
configure:5280: $? = 1
configure: failed program was:
#line 5265 "configure"
#include "confdefs.h"
char jpeg_destroy_compress();
int
main ()
{
jpeg_destroy_compress()
  ;
  return 0;
}
configure:5277: gcc -o conftest  -O2  -Wall -fPIC   conftest.c -L/usr/local/lib/X11 -ljpeg  >&5
ld: warning: directory not found for option '-L/usr/local/lib/X11'
ld: library not found for -ljpeg
clang: error: linker command failed with exit code 1 (use -v to see invocation)
configure:5280: $? = 1
configure: failed program was:
#line 5265 "configure"
#include "confdefs.h"
char jpeg_destroy_compress();
int
main ()
{
jpeg_destroy_compress()
  ;
  return 0;
}
configure:5277: gcc -o conftest  -O2  -Wall -fPIC   conftest.c -L/usr/local/lib/X11R6 -ljpeg  >&5
ld: warning: directory not found for option '-L/usr/local/lib/X11R6'
ld: library not found for -ljpeg
clang: error: linker command failed with exit code 1 (use -v to see invocation)
configure:5280: $? = 1
configure: failed program was:
#line 5265 "configure"
#include "confdefs.h"
char jpeg_destroy_compress();
int
main ()
{
jpeg_destroy_compress()
  ;
  return 0;
}
configure:5277: gcc -o conftest  -O2  -Wall -fPIC   conftest.c -L/usr/local/lib/X11R5 -ljpeg  >&5
ld: warning: directory not found for option '-L/usr/local/lib/X11R5'
ld: library not found for -ljpeg
clang: error: linker command failed with exit code 1 (use -v to see invocation)
configure:5280: $? = 1
configure: failed program was:
#line 5265 "configure"
#include "confdefs.h"
char jpeg_destroy_compress();
int
main ()
{
jpeg_destroy_compress()
  ;
  return 0;
}
configure:5277: gcc -o conftest  -O2  -Wall -fPIC   conftest.c -L/usr/local/lib/X11R4 -ljpeg  >&5
ld: warning: directory not found for option '-L/usr/local/lib/X11R4'
ld: library not found for -ljpeg
clang: error: linker command failed with exit code 1 (use -v to see invocation)
configure:5280: $? = 1
configure: failed program was:
#line 5265 "configure"
#include "confdefs.h"
char jpeg_destroy_compress();
int
main ()
{
jpeg_destroy_compress()
  ;
  return 0;
}
configure:5277: gcc -o conftest  -O2  -Wall -fPIC   conftest.c -L/usr/X386/lib -ljpeg  >&5
ld: warning: directory not found for option '-L/usr/X386/lib'
ld: library not found for -ljpeg
clang: error: linker command failed with exit code 1 (use -v to see invocation)
configure:5280: $? = 1
configure: failed program was:
#line 5265 "configure"
#include "confdefs.h"
char jpeg_destroy_compress();
int
main ()
{
jpeg_destroy_compress()
  ;
  return 0;
}
configure:5277: gcc -o conftest  -O2  -Wall -fPIC   conftest.c -L/usr/x386/lib -ljpeg  >&5
ld: warning: directory not found for option '-L/usr/x386/lib'
ld: library not found for -ljpeg
clang: error: linker command failed with exit code 1 (use -v to see invocation)
configure:5280: $? = 1
configure: failed program was:
#line 5265 "configure"
#include "confdefs.h"
char jpeg_destroy_compress();
int
main ()
{
jpeg_destroy_compress()
  ;
  return 0;
}
configure:5277: gcc -o conftest  -O2  -Wall -fPIC   conftest.c -L/usr/XFree86/lib/X11 -ljpeg  >&5
ld: warning: directory not found for option '-L/usr/XFree86/lib/X11'
ld: library not found for -ljpeg
clang: error: linker command failed with exit code 1 (use -v to see invocation)
configure:5280: $? = 1
configure: failed program was:
#line 5265 "configure"
#include "confdefs.h"
char jpeg_destroy_compress();
int
main ()
{
jpeg_destroy_compress()
  ;
  return 0;
}
configure:5277: gcc -o conftest  -O2  -Wall -fPIC   conftest.c -L/usr/unsupported/lib -ljpeg  >&5
ld: warning: directory not found for option '-L/usr/unsupported/lib'
ld: library not found for -ljpeg
clang: error: linker command failed with exit code 1 (use -v to see invocation)
configure:5280: $? = 1
configure: failed program was:
#line 5265 "configure"
#include "confdefs.h"
char jpeg_destroy_compress();
int
main ()
{
jpeg_destroy_compress()
  ;
  return 0;
}
configure:5277: gcc -o conftest  -O2  -Wall -fPIC   conftest.c -L/usr/athena/lib -ljpeg  >&5
ld: warning: directory not found for option '-L/usr/athena/lib'
ld: library not found for -ljpeg
clang: error: linker command failed with exit code 1 (use -v to see invocation)
configure:5280: $? = 1
configure: failed program was:
#line 5265 "configure"
#include "confdefs.h"
char jpeg_destroy_compress();
int
main ()
{
jpeg_destroy_compress()
  ;
  return 0;
}
configure:5277: gcc -o conftest  -O2  -Wall -fPIC   conftest.c -L/usr/local/x11r5/lib -ljpeg  >&5
ld: warning: directory not found for option '-L/usr/local/x11r5/lib'
ld: library not found for -ljpeg
clang: error: linker command failed with exit code 1 (use -v to see invocation)
configure:5280: $? = 1
configure: failed program was:
#line 5265 "configure"
#include "confdefs.h"
char jpeg_destroy_compress();
int
main ()
{
jpeg_destroy_compress()
  ;
  return 0;
}
configure:5277: gcc -o conftest  -O2  -Wall -fPIC   conftest.c -L/usr/lpp/Xamples/lib -ljpeg  >&5
ld: warning: directory not found for option '-L/usr/lpp/Xamples/lib'
ld: library not found for -ljpeg
clang: error: linker command failed with exit code 1 (use -v to see invocation)
configure:5280: $? = 1
configure: failed program was:
#line 5265 "configure"
#include "confdefs.h"
char jpeg_destroy_compress();
int
main ()
{
jpeg_destroy_compress()
  ;
  return 0;
}
configure:5277: gcc -o conftest  -O2  -Wall -fPIC   conftest.c -L/usr/openwin/lib -ljpeg  >&5
ld: warning: directory not found for option '-L/usr/openwin/lib'
ld: library not found for -ljpeg
clang: error: linker command failed with exit code 1 (use -v to see invocation)
configure:5280: $? = 1
configure: failed program was:
#line 5265 "configure"
#include "confdefs.h"
char jpeg_destroy_compress();
int
main ()
{
jpeg_destroy_compress()
  ;
  return 0;
}
configure:5277: gcc -o conftest  -O2  -Wall -fPIC   conftest.c -L/usr/openwin/share/lib -ljpeg  >&5
ld: warning: directory not found for option '-L/usr/openwin/share/lib'
ld: library not found for -ljpeg
clang: error: linker command failed with exit code 1 (use -v to see invocation)
configure:5280: $? = 1
configure: failed program was:
#line 5265 "configure"
#include "confdefs.h"
char jpeg_destroy_compress();
int
main ()
{
jpeg_destroy_compress()
  ;
  return 0;
}
configure:5312: result: no
configure:5408: checking for libpng
configure:5460: gcc -E  conftest.c
configure:5457:10: fatal error: 'png.h' file not found
#include <png.h>
         ^~~~~~~
1 error generated.
configure:5466: $? = 1
configure: failed program was:
#line 5456 "configure"
#include "confdefs.h"
#include <png.h>
configure:5555: gcc -o conftest  -O2  -Wall -fPIC   conftest.c -lz -lm -lpng  >&5
ld: library not found for -lpng
clang: error: linker command failed with exit code 1 (use -v to see invocation)
configure:5558: $? = 1
configure: failed program was:
#line 5543 "configure"
#include "confdefs.h"
char png_get_sRGB();
int
main ()
{
png_get_sRGB()
  ;
  return 0;
}
configure:5627: gcc -o conftest  -O2  -Wall -fPIC   conftest.c -L/usr/X11/lib -lz -lm -lpng  >&5
configure:5630: $? = 0
configure:5633: test -s conftest
configure:5636: $? = 0
configure:5728: result: -I/usr/X11/include, -L/usr/X11/lib
configure:5891: creating ./config.status

## ----------------------- ##
## Running config.status.  ##
## ----------------------- ##

This file was extended by config.status 2.50, executed with
  > ./config.status 
on Cynthia.local

config.status:6433: creating autoconf/Makefile.defines
config.status:6433: creating autoconf/Makefile.common
config.status:6433: creating autoconf/Makefile.common.lib
config.status:6433: creating configure.h
config.status:6433: creating Makefile
config.status:6433: creating doc/Makefile
config.status:6433: creating doc/afterstepdoc
config.status:6433: creating lib/Makefile
config.status:6433: creating asimagelib/Makefile
config.status:6433: creating src/Config/Makefile
config.status:6433: creating src/afterstep/Makefile
config.status:6433: creating src/asetroot/Makefile
config.status:6433: creating src/Animate/Makefile
config.status:6433: creating src/Audio/Makefile
config.status:6433: creating src/Banner/Makefile
config.status:6433: creating src/Cascade/Makefile
config.status:6433: creating src/Clean/Makefile
config.status:6433: creating src/Form/Makefile
config.status:6433: creating src/Gnome/Makefile
config.status:6433: creating src/Ident/Makefile
config.status:6433: creating src/Pager/Makefile
config.status:6433: creating src/Save/Makefile
config.status:6433: creating src/Script/Widgets/Makefile
config.status:6433: creating src/Script/Makefile
config.status:6433: creating src/Scroll/Makefile
config.status:6433: creating src/Sound/Makefile
config.status:6433: creating src/Tile/Makefile
config.status:6433: creating src/Wharf/Makefile
config.status:6433: creating src/WinList/Makefile
config.status:6433: creating src/Zharf/Makefile
config.status:6433: creating src/test/Makefile
config.status:6433: creating tools/Makefile
config.status:6433: creating tools/installastheme.pl
config.status:6433: creating tools/makeastheme.pl
config.status:6433: creating afterstep/base.8bpp
config.status:6433: creating afterstep/base.15bpp
config.status:6433: creating afterstep/base.16bpp
config.status:6433: creating afterstep/base.24bpp
config.status:6433: creating afterstep/base.32bpp
config.status:6433: creating afterstep/asetroot
config.status:6433: creating afterstep/audio
config.status:6433: creating afterstep/autoexec
config.status:6433: creating afterstep/compatibility
config.status:6433: creating afterstep/pager
config.status:6433: creating afterstep/wharf
config.status:6433: creating afterstep/zharf
config.status:6433: creating afterstep/start/.include
config.status:6433: creating afterstep/start/Desktop/Feel/.include
config.status:6433: creating afterstep/start/Desktop/Look/.include
config.status:6433: creating afterstep/start/Desktop/Theme/.include
config.status:6433: creating afterstep/start/Desktop/Pictures/.include
config.status:6525: creating config.h

## ----------------- ##
## Cache variables.  ##
## ----------------- ##

ac_cv_c_bigendian=no
ac_cv_c_compiler_gnu=yes
ac_cv_env_CC_set=
ac_cv_env_CC_value=
ac_cv_env_CFLAGS_set=
ac_cv_env_CFLAGS_value=
ac_cv_env_CPPFLAGS_set=
ac_cv_env_CPPFLAGS_value=
ac_cv_env_CPP_set=
ac_cv_env_CPP_value=
ac_cv_env_LDFLAGS_set=
ac_cv_env_LDFLAGS_value=
ac_cv_env_build_alias_set=
ac_cv_env_build_alias_value=
ac_cv_env_host_alias_set=
ac_cv_env_host_alias_value=
ac_cv_env_target_alias_set=
ac_cv_env_target_alias_value=
ac_cv_func_gethostname=yes
ac_cv_func_uname=yes
ac_cv_func_wait3_rusage=no
ac_cv_have_jpeg=have_jpeg=no
ac_cv_have_png='have_png=yes 	vt_png_includes=/usr/X11/include vt_png_libraries=/usr/X11/lib 	vt_png_include_X11=yes'
ac_cv_have_x=have_x=no
ac_cv_have_xpm='have_xpm=yes 	vt_xpm_includes=/usr/X11/include vt_xpm_libraries=/usr/X11/lib 	vt_xpm_include_X11=yes'
ac_cv_header_dirent_dirent_h=yes
ac_cv_header_sys_time_h=yes
ac_cv_header_sys_wait_h=yes
ac_cv_header_time=yes
ac_cv_lib_X11_XOpenDisplay=no
ac_cv_lib_Xext_XShapeCombineMask=yes
ac_cv_lib_Xinerama_XineramaQueryScreens=yes
ac_cv_lib_Xpm_XpmWriteFileFromPixmap=yes
ac_cv_lib_dir_opendir=no
ac_cv_lib_fl_yywrap=no
ac_cv_lib_l_yywrap=yes
ac_cv_lib_rplay_rplay=no
ac_cv_objext=o
ac_cv_path_CP=/bin/cp
ac_cv_path_MKDIR=/bin/mkdir
ac_cv_path_MV=/bin/mv
ac_cv_path_PERL=/usr/bin/perl
ac_cv_path_RM=/bin/rm
ac_cv_path_install='/usr/bin/install -c'
ac_cv_prog_CPP='gcc -E'
ac_cv_prog_LEX=flex
ac_cv_prog_YACC='bison -y'
ac_cv_prog_ac_ct_CC=gcc
ac_cv_prog_ac_ct_RANLIB=ranlib
ac_cv_prog_cc_g=yes
ac_cv_prog_lex_root=lex.yy
ac_cv_prog_lex_yytext_pointer=yes
ac_cv_prog_sgmltools=NO_SGMLTOOLS

## ------------ ##
## confdefs.h.  ##
## ------------ ##

#define X_DISPLAY_MISSING 1
#define HAVE_DIRENT_H 1
#define TIME_WITH_SYS_TIME 1
#define HAVE_SYS_WAIT_H 1
#define HAVE_SYS_TIME_H 1
#define YYTEXT_POINTER 1
#define HAVE_UNAME 1
#define HAVE_GETHOSTNAME 1
#define HAVE_X11_XPM 1


configure: exit 0
